<?xml version="1.0" encoding="UTF-8"?>
<!-- Generated by org.testng.reporters.JUnitReportReporter -->
<testsuite hostname="DESKTOP-S2K8OFI" failures="0" tests="1" name="runner.RunTest" time="9.049" errors="0" timestamp="28 Dec 2023 08:28:46 GMT" skipped="0">
  <testcase classname="runner.RunTest" name="runScenario" time="9.049"/>
</testsuite> <!-- runner.RunTest -->
