<?xml version="1.0" encoding="UTF-8"?>
<!-- Generated by org.testng.reporters.JUnitReportReporter -->
<testsuite hostname="DESKTOP-S2K8OFI" failures="0" tests="1" name="runner.RunTest" time="9.662" errors="0" timestamp="29 Dec 2023 14:27:10 GMT" skipped="0">
  <testcase classname="runner.RunTest" name="runScenario" time="9.662"/>
</testsuite> <!-- runner.RunTest -->
