<?xml version="1.0" encoding="UTF-8"?>
<!-- Generated by org.testng.reporters.JUnitReportReporter -->
<testsuite hostname="DESKTOP-S2K8OFI" failures="0" tests="1" name="runner.RunTest" time="22.262" errors="0" timestamp="30 Dec 2023 06:28:35 GMT" skipped="0">
  <testcase classname="runner.RunTest" name="runScenario" time="22.262"/>
</testsuite> <!-- runner.RunTest -->
